<?xml version="1.0" encoding="UTF-8"?>
<!-- Generated by org.testng.reporters.JUnitReportReporter -->
<testsuite hostname="DESKTOP-UIRM2TA" failures="0" tests="1" name="com.qa.testcases.LoginTestCase" time="9.203" errors="0" timestamp="2023-11-23T20:07:17 IST" skipped="0">
  <testcase classname="com.qa.testcases.LoginTestCase" name="login" time="9.203"/>
</testsuite> <!-- com.qa.testcases.LoginTestCase -->
